<?xml version="1.0" encoding="UTF-8"?>
<testng-results ignored="0" total="2" passed="2" failed="0" skipped="0">
  <reporter-output>
  </reporter-output>
  <suite started-at="2022-08-08T16:49:30 PST" name="Default suite" finished-at="2022-08-08T16:49:35 PST" duration-ms="5345">
    <groups>
    </groups>
    <test started-at="2022-08-08T16:49:30 PST" name="Default test" finished-at="2022-08-08T16:49:35 PST" duration-ms="5345">
      <class name="FBtrial.FBtest">
        <test-method signature="openFB()[pri:0, instance:FBtrial.FBtest@3e84448c]" started-at="2022-08-08T16:49:30 PST" name="openFB" finished-at="2022-08-08T16:49:33 PST" duration-ms="3164" status="PASS">
          <reporter-output>
          </reporter-output>
        </test-method> <!-- openFB -->
        <test-method signature="login()[pri:1, instance:FBtrial.FBtest@3e84448c]" started-at="2022-08-08T16:49:33 PST" name="login" finished-at="2022-08-08T16:49:35 PST" duration-ms="2151" status="PASS">
          <reporter-output>
          </reporter-output>
        </test-method> <!-- login -->
      </class> <!-- FBtrial.FBtest -->
    </test> <!-- Default test -->
  </suite> <!-- Default suite -->
</testng-results>
